<?xml version="1.0" encoding="UTF-8"?>
<!-- Generated by org.testng.reporters.JUnitXMLReporter -->
<testsuite ignored="0" hostname="Poonams-Air.domain.name" failures="0" tests="3" name="Test" time="4.856" errors="0" timestamp="2023-06-28T18:41:07 IST">
  <testcase classname="Test_Classes.Post_TC1" name="extractor" time="2.259"/>
  <testcase classname="Test_Classes.Put_TC1" name="extractor" time="1.389"/>
  <testcase classname="Test_Classes.Patch_TC1" name="extractor" time="1.17"/>
</testsuite> <!-- Test -->
